12/06/2021 01:29:04 Peer 1001 is started
12/06/2021 01:29:15 Peer TCP connection with peer is established
12/06/2021 01:29:15 Peer 1001 makes a connection with peer 1002
12/06/2021 01:29:15 Peer 1002 has received a handshake message from 1001
12/06/2021 01:29:16 Peer HandShake has been sent to 1002
12/06/2021 01:29:16 Peer [1001] received the 'bitfield' message from Peer [1002]
12/06/2021 01:29:16 Peer [1001] is sending 'bitfield' message to Peer [1002]
12/06/2021 01:29:16 Peer [1001] received the 'interested' message from Peer [1002]
12/06/2021 01:29:16 Peer [1001] is sending 'unchoke' message to Peer [1002]
12/06/2021 01:29:17 Peer [1001] is sending a PIECE message for piece [0] to Peer [1002]
12/06/2021 01:29:17 Peer [1001] is sending a PIECE message for piece [1] to Peer [1002]
12/06/2021 01:29:18 Peer [1001] is sending a PIECE message for piece [2] to Peer [1002]
12/06/2021 01:29:18 Peer [1001] is sending a PIECE message for piece [3] to Peer [1002]
12/06/2021 01:29:19 Peer [1001] is sending a PIECE message for piece [4] to Peer [1002]
12/06/2021 01:29:19 Peer [1001] is sending a PIECE message for piece [5] to Peer [1002]
12/06/2021 01:29:20 Peer [1001] is sending a PIECE message for piece [6] to Peer [1002]
12/06/2021 01:29:20 Peer [1001] is sending a PIECE message for piece [7] to Peer [1002]
12/06/2021 01:29:21 Peer [1001] is sending a PIECE message for piece [8] to Peer [1002]
12/06/2021 01:29:21 Peer [1001] is sending a PIECE message for piece [9] to Peer [1002]
12/06/2021 01:29:22 Peer [1001] is sending a PIECE message for piece [10] to Peer [1002]
12/06/2021 01:29:22 Peer [1001] is sending a PIECE message for piece [11] to Peer [1002]
12/06/2021 01:29:23 Peer [1001] is sending a PIECE message for piece [12] to Peer [1002]
12/06/2021 01:29:23 Peer TCP connection with peer is established
12/06/2021 01:29:23 Peer 1001 makes a connection with peer 1003
12/06/2021 01:29:23 Peer 1003 has received a handshake message from 1001
12/06/2021 01:29:23 Peer HandShake has been sent to 1003
12/06/2021 01:29:23 Peer [1001] received the 'bitfield' message from Peer [1003]
12/06/2021 01:29:23 Peer [1001] is sending 'bitfield' message to Peer [1003]
12/06/2021 01:29:23 Peer [1001] is sending a PIECE message for piece [13] to Peer [1002]
12/06/2021 01:29:24 Peer [1001] is sending a PIECE message for piece [14] to Peer [1002]
12/06/2021 01:29:24 Peer [1001] received the 'interested' message from Peer [1003]
12/06/2021 01:29:24 Peer [1001] is sending 'unchoke' message to Peer [1003]
12/06/2021 01:29:24 Peer [1001] is sending a PIECE message for piece [15] to Peer [1002]
12/06/2021 01:29:24 Peer [1001] is sending a PIECE message for piece [0] to Peer [1003]
12/06/2021 01:29:25 Peer [1001] is sending a PIECE message for piece [16] to Peer [1002]
12/06/2021 01:29:25 Peer [1001] is sending a PIECE message for piece [1] to Peer [1003]
12/06/2021 01:29:25 Peer [1001] is sending a PIECE message for piece [17] to Peer [1002]
12/06/2021 01:29:25 Peer [1001] is sending a PIECE message for piece [2] to Peer [1003]
12/06/2021 01:29:26 Peer [1001] is sending a PIECE message for piece [18] to Peer [1002]
12/06/2021 01:29:26 Peer [1001] is sending a PIECE message for piece [3] to Peer [1003]
12/06/2021 01:29:26 Peer [1001] is sending a PIECE message for piece [19] to Peer [1002]
12/06/2021 01:29:26 Peer [1001] is sending a PIECE message for piece [4] to Peer [1003]
12/06/2021 01:29:27 Peer [1001] is sending a PIECE message for piece [20] to Peer [1002]
12/06/2021 01:29:27 Peer [1001] is sending a PIECE message for piece [5] to Peer [1003]
12/06/2021 01:29:27 Peer [1001] is sending a PIECE message for piece [21] to Peer [1002]
12/06/2021 01:29:27 Peer [1001] is sending a PIECE message for piece [6] to Peer [1003]
12/06/2021 01:29:28 Peer [1001] is sending a PIECE message for piece [22] to Peer [1002]
12/06/2021 01:29:28 Peer [1001] is sending a PIECE message for piece [7] to Peer [1003]
12/06/2021 01:29:28 Peer [1001] is sending a PIECE message for piece [23] to Peer [1002]
12/06/2021 01:29:28 Peer [1001] is sending a PIECE message for piece [8] to Peer [1003]
12/06/2021 01:29:29 Peer [1001] is sending a PIECE message for piece [24] to Peer [1002]
12/06/2021 01:29:29 Peer [1001] is sending a PIECE message for piece [9] to Peer [1003]
12/06/2021 01:29:29 Peer [1001] is sending a PIECE message for piece [25] to Peer [1002]
12/06/2021 01:29:29 Peer [1001] is sending a PIECE message for piece [10] to Peer [1003]
12/06/2021 01:29:30 Peer [1001] is sending a PIECE message for piece [26] to Peer [1002]
12/06/2021 01:29:30 Peer [1001] is sending a PIECE message for piece [11] to Peer [1003]
12/06/2021 01:29:30 Peer [1001] is sending a PIECE message for piece [27] to Peer [1002]
12/06/2021 01:29:30 Peer [1001] is sending a PIECE message for piece [12] to Peer [1003]
12/06/2021 01:29:31 Peer [1001] is sending a PIECE message for piece [28] to Peer [1002]
12/06/2021 01:29:31 Peer [1001] is sending a PIECE message for piece [13] to Peer [1003]
12/06/2021 01:29:31 Peer [1001] is sending a PIECE message for piece [29] to Peer [1002]
12/06/2021 01:29:31 Peer [1001] is sending a PIECE message for piece [14] to Peer [1003]
12/06/2021 01:29:32 Peer [1001] is sending a PIECE message for piece [30] to Peer [1002]
12/06/2021 01:29:32 Peer [1001] is sending a PIECE message for piece [15] to Peer [1003]
12/06/2021 01:29:32 Peer TCP connection with peer is established
12/06/2021 01:29:32 Peer 1001 makes a connection with peer 1004
12/06/2021 01:29:32 Peer 1004 has received a handshake message from 1001
12/06/2021 01:29:32 Peer HandShake has been sent to 1004
12/06/2021 01:29:32 Peer [1001] received the 'bitfield' message from Peer [1004]
12/06/2021 01:29:32 Peer [1001] is sending 'bitfield' message to Peer [1004]
12/06/2021 01:29:32 Peer [1001] is sending a PIECE message for piece [31] to Peer [1002]
12/06/2021 01:29:32 Peer [1001] is sending a PIECE message for piece [16] to Peer [1003]
12/06/2021 01:29:33 Peer [1001] received the 'interested' message from Peer [1004]
12/06/2021 01:29:33 Peer [1001] is sending 'unchoke' message to Peer [1004]
12/06/2021 01:29:33 Peer [1001] is sending a PIECE message for piece [32] to Peer [1002]
12/06/2021 01:29:33 Peer [1001] is sending a PIECE message for piece [17] to Peer [1003]
12/06/2021 01:29:33 Peer [1001] is sending a PIECE message for piece [0] to Peer [1004]
12/06/2021 01:29:33 Peer [1001] is sending a PIECE message for piece [33] to Peer [1002]
12/06/2021 01:29:34 Peer [1001] has selected the preferred neighbors [1004, ]
12/06/2021 01:29:34 Peer [1001] is sending a PIECE message for piece [18] to Peer [1003]
12/06/2021 01:29:34 Peer [1001] is sending a PIECE message for piece [1] to Peer [1004]
12/06/2021 01:29:34 Peer [1001] is sending a PIECE message for piece [34] to Peer [1002]
12/06/2021 01:29:34 Peer [1001] is sending a PIECE message for piece [19] to Peer [1003]
12/06/2021 01:29:34 Peer [1001] is sending a PIECE message for piece [2] to Peer [1004]
12/06/2021 01:29:34 Peer [1001] is sending a PIECE message for piece [35] to Peer [1002]
12/06/2021 01:29:35 Peer [1001] is sending a PIECE message for piece [20] to Peer [1003]
12/06/2021 01:29:35 Peer [1001] is sending a PIECE message for piece [3] to Peer [1004]
12/06/2021 01:29:35 Peer [1001] is sending a PIECE message for piece [36] to Peer [1002]
12/06/2021 01:29:35 Peer [1001] is sending a PIECE message for piece [21] to Peer [1003]
12/06/2021 01:29:35 Peer [1001] is sending a PIECE message for piece [4] to Peer [1004]
12/06/2021 01:29:35 Peer [1001] is sending a PIECE message for piece [37] to Peer [1002]
12/06/2021 01:29:36 Peer [1001] is sending a PIECE message for piece [22] to Peer [1003]
12/06/2021 01:29:36 Peer [1001] is sending a PIECE message for piece [5] to Peer [1004]
12/06/2021 01:29:36 Peer [1001] is sending a PIECE message for piece [38] to Peer [1002]
12/06/2021 01:29:36 Peer [1001] is sending a PIECE message for piece [23] to Peer [1003]
12/06/2021 01:29:36 Peer [1001] is sending a PIECE message for piece [6] to Peer [1004]
12/06/2021 01:29:36 Peer [1001] is sending a PIECE message for piece [39] to Peer [1002]
12/06/2021 01:29:37 Peer [1001] is sending a PIECE message for piece [24] to Peer [1003]
12/06/2021 01:29:37 Peer [1001] is sending a PIECE message for piece [7] to Peer [1004]
12/06/2021 01:29:37 Peer [1001] is sending a PIECE message for piece [40] to Peer [1002]
12/06/2021 01:29:37 Peer [1001] is sending a PIECE message for piece [25] to Peer [1003]
12/06/2021 01:29:37 Peer [1001] is sending a PIECE message for piece [8] to Peer [1004]
12/06/2021 01:29:37 Peer [1001] is sending a PIECE message for piece [41] to Peer [1002]
12/06/2021 01:29:38 Peer [1001] is sending a PIECE message for piece [26] to Peer [1003]
12/06/2021 01:29:38 Peer [1001] is sending a PIECE message for piece [9] to Peer [1004]
12/06/2021 01:29:38 Peer Connection reset
12/06/2021 01:29:38 Peer [1001] is sending a PIECE message for piece [27] to Peer [1003]
12/06/2021 01:29:38 Peer [1001] is sending a PIECE message for piece [10] to Peer [1004]
12/06/2021 01:29:39 Peer All peers have completed downloading the file.
12/06/2021 01:29:39 Peer [1001] is sending a PIECE message for piece [28] to Peer [1003]
12/06/2021 01:29:39 Peer [1001] is sending a PIECE message for piece [11] to Peer [1004]
12/06/2021 01:29:40 Peer [1001] is sending a PIECE message for piece [29] to Peer [1003]
12/06/2021 01:29:40 Peer Connection reset
12/06/2021 01:29:40 Peer [1001] is sending a PIECE message for piece [30] to Peer [1003]
12/06/2021 01:29:40 Peer Connection reset
12/06/2021 01:29:41 Peer [1001] Peer process is exiting
